[Sat Jan 11 19:05:40 2020] install: babel
[Sat Jan 11 19:05:41 2020] install: latex
[Sat Jan 11 19:05:41 2020] install: latex-bin.x86_64-linux
[Sat Jan 11 19:05:41 2020] install: latex-bin
[Sat Jan 11 19:05:41 2020] install: latex-fonts
[Sat Jan 11 19:05:41 2020] install: latexconfig
[Sat Jan 11 19:06:02 2020] install: lm
[Sat Jan 11 19:06:02 2020] install: lualibs
[Sat Jan 11 19:06:04 2020] install: luaotfload.x86_64-linux
[Sat Jan 11 19:06:05 2020] install: luaotfload
[Sat Jan 11 19:29:50 2020] install: amsmath
[Sat Jan 11 19:29:51 2020] install: auxhook
[Sat Jan 11 19:29:51 2020] install: carlisle
[Sat Jan 11 19:29:53 2020] install: ec
[Sat Jan 11 19:29:53 2020] install: geometry
[Sat Jan 11 19:29:54 2020] install: graphics
[Sat Jan 11 19:29:54 2020] install: graphics-cfg
[Sat Jan 11 19:29:55 2020] install: grfext
[Sat Jan 11 19:29:55 2020] install: grffile
[Sat Jan 11 19:29:57 2020] install: hyperref
[Sat Jan 11 19:29:58 2020] install: infwarerr
[Sat Jan 11 19:29:58 2020] install: kvoptions
[Sat Jan 11 19:30:01 2020] install: marvosym
[Sat Jan 11 19:30:03 2020] install: oberdiek
[Sat Jan 11 19:30:04 2020] install: parskip
[Sat Jan 11 19:30:04 2020] install: pdftexcmds
[Sat Jan 11 19:30:05 2020] install: stringenc
[Sat Jan 11 19:30:05 2020] install: url
[Sat Jan 11 20:30:55 2020] install: koma-script
[Sat Jan 11 20:35:48 2020] install: ltxcmds
[Sat Jan 11 20:39:42 2020] install: babel-german
[Sat Jan 11 20:41:35 2020] install: kvsetkeys
[Sat Jan 11 20:43:51 2020] install: hycolor
[Sat Jan 11 20:43:51 2020] install: kvdefinekeys
[Sat Jan 11 20:43:52 2020] install: letltxmacro
[Sat Jan 11 20:43:52 2020] install: pdfescape
[Sat Jan 11 20:44:32 2020] install: intcalc
[Sat Jan 11 20:45:25 2020] install: etexcmds
[Sat Jan 11 20:48:24 2020] install: bitset
[Sat Jan 11 20:49:00 2020] install: bigintcalc
[Sat Jan 11 20:49:53 2020] install: atbegshi
[Sat Jan 11 20:58:50 2020] install: atveryend
[Sat Jan 11 20:58:50 2020] install: bookmark
[Sat Jan 11 20:58:50 2020] install: eurosym
[Sat Jan 11 20:58:50 2020] install: gettitlestring
[Sat Jan 11 20:58:50 2020] install: refcount
[Sat Jan 11 20:58:50 2020] install: rerunfilecheck
[Sat Jan 11 20:59:42 2020] install: uniquecounter
[Sat Jan 11 21:04:08 2020] install: epstopdf.x86_64-linux
[Sat Jan 11 21:04:08 2020] install: epstopdf
[Sat Jan 11 21:10:14 2020] install: epspdf.x86_64-linux
[Sat Jan 11 21:10:14 2020] install: epspdf
[Sat Jan 11 21:15:39 2020] install: xetex.x86_64-linux
[Sat Jan 11 21:15:39 2020] install: xetex
[Sat Jan 11 21:15:40 2020] install: xetexconfig
[Sat Jan 11 21:15:50 2020] install: metapost.x86_64-linux
[Sat Jan 11 21:15:50 2020] install: metapost
[Sat Jan 11 21:23:24 2020] install: epstopdf-pkg
[Sat Jan 11 21:25:52 2020] remove: xetex
[Sat Jan 11 21:25:53 2020] remove: xetex.x86_64-linux
[Sat Jan 11 21:25:53 2020] remove: xetexconfig
[Sat Jan 11 21:25:59 2020] remove: metapost
[Sat Jan 11 21:25:59 2020] remove: metapost.x86_64-linux
[Sun Jan 12 10:03:36 2020] install: l3backend
[Sun Jan 12 10:03:37 2020] install: l3kernel
[Sun Jan 12 10:03:37 2020] install: l3packages
[Sun Jan 12 10:03:37 2020] install: siunitx
[Sun Jan 12 10:14:17 2020] remove: siunitx
[Sun Jan 12 10:14:26 2020] install: siunitx
[Sun Jan 12 10:20:31 2020] install: latexmk.x86_64-linux
[Sun Jan 12 10:20:32 2020] install: latexmk
[Sun Jan 12 10:22:34 2020] install: tools
[Sun Jan 12 10:23:23 2020] install: biblatex
[Sun Jan 12 10:23:23 2020] install: etoolbox
[Sun Jan 12 10:23:23 2020] install: logreq
[Sun Jan 12 10:25:06 2020] remove: biblatex
[Sun Jan 12 10:25:34 2020] install: biber.x86_64-linux
[Sun Jan 12 10:25:35 2020] install: biber
[Sun Jan 12 10:27:18 2020] install: biblatex
